<?xml version="1.0" encoding="UTF-8"?>
<testng-results skipped="0" failed="0" ignored="0" total="1" passed="1">
  <reporter-output>
  </reporter-output>
  <suite name="Suite" duration-ms="5799" started-at="2022-06-07T20:32:03 IST" finished-at="2022-06-07T20:32:09 IST">
    <groups>
    </groups>
    <test name="DevOps Automation" duration-ms="5799" started-at="2022-06-07T20:32:03 IST" finished-at="2022-06-07T20:32:09 IST">
      <class name="TestClass">
        <test-method status="PASS" signature="init(java.lang.String)[pri:0, instance:TestClass@29ee9faa]" name="init" is-config="true" duration-ms="5600" started-at="2022-06-07T20:32:03 IST" finished-at="2022-06-07T20:32:09 IST">
          <params>
            <param index="0">
              <value>
                <![CDATA[http://localhost:8080/CoreProject_DevOps/]]>
              </value>
            </param>
          </params>
          <reporter-output>
          </reporter-output>
        </test-method> <!-- init -->
        <test-method status="PASS" signature="Test1()[pri:0, instance:TestClass@29ee9faa]" name="Test1" duration-ms="158" started-at="2022-06-07T20:32:09 IST" finished-at="2022-06-07T20:32:09 IST">
          <reporter-output>
          </reporter-output>
        </test-method> <!-- Test1 -->
      </class> <!-- TestClass -->
    </test> <!-- DevOps Automation -->
  </suite> <!-- Suite -->
</testng-results>
